<?xml version="1.0" encoding="UTF-8"?>
<!-- Generated by org.testng.reporters.JUnitXMLReporter -->
<testsuite ignored="0" hostname="MinalKulkarni" failures="0" tests="1" name="Test" time="0.031" errors="0" timestamp="26 Dec 2024 09:25:16 GMT">
  <testcase classname="testBase.BaseClass" name="@BeforeClass setUp" time="0.0">
    <failure type="org.testng.TestNGException" message="
Parameter &amp;apos;os&amp;apos; is required by BeforeClass on method setUp but has not been marked @Optional or defined
in C:\Users\vedan\eclipse-workspace\OpencartApp\testng.xml">
      <![CDATA[org.testng.TestNGException: 
Parameter 'os' is required by BeforeClass on method setUp but has not been marked @Optional or defined
in C:\Users\vedan\eclipse-workspace\OpencartApp\testng.xml
... Removed 23 stack frames]]>
    </failure>
  </testcase> <!-- @BeforeClass setUp -->
  <testcase classname="testBase.BaseClass" name="@AfterClass tearDown" time="0.0">
    <skipped/>
  </testcase> <!-- @AfterClass tearDown -->
  <testcase classname="TestCases.TC01_AccountRegistrationTest" name="tc01_accRegister" time="0.0">
    <skipped/>
  </testcase> <!-- tc01_accRegister -->
</testsuite> <!-- Test -->
